<?xml version="1.0" encoding="UTF-8"?>
<!-- Generated by org.testng.reporters.JUnitReportReporter -->
<testsuite hostname="Navichinna" failures="0" tests="3" name="com.spotyshoe.Tests.HomePageTest" time="2.561" errors="0" timestamp="2023-11-15T18:41:07 IST" skipped="0">
  <testcase classname="com.spotyshoe.Tests.HomePageTest" name="test_getTitle_page" time="0.832"/>
  <system-out/>
  <testcase classname="com.spotyshoe.Tests.HomePageTest" name="Test_Validate_Text_On_Page" time="0.042"/>
  <system-out/>
  <testcase classname="com.spotyshoe.Tests.HomePageTest" name="test_click_register_link" time="1.687"/>
  <system-out/>
</testsuite> <!-- com.spotyshoe.Tests.HomePageTest -->
