<?xml version="1.0" encoding="UTF-8"?>
<!-- Generated by org.testng.reporters.JUnitReportReporter -->
<testsuite hostname="Navichinna" failures="0" tests="1" name="capstone.Sporty.shoes.RestAssureScripts.GetAllAShoes$GetAllUsers" time="2.373" errors="0" timestamp="2023-11-14T10:09:33 IST" skipped="0">
  <testcase classname="capstone.Sporty.shoes.RestAssureScripts.GetAllAShoes$GetAllUsers" name="get_all_users" time="2.373"/>
  <system-out/>
</testsuite> <!-- capstone.Sporty.shoes.RestAssureScripts.GetAllAShoes$GetAllUsers -->
