<?xml version="1.0" encoding="UTF-8"?>
<!-- Generated by org.testng.reporters.JUnitReportReporter -->
<testsuite hostname="Navichinna" failures="0" tests="4" name="com.spotyshoe.Tests.LoginPageTest" time="1.122" errors="0" timestamp="2023-11-15T19:12:26 IST" skipped="0">
  <testcase classname="com.spotyshoe.Tests.LoginPageTest" name="test_login" time="0.856"/>
  <system-out/>
  <testcase classname="com.spotyshoe.Tests.LoginPageTest" name="test_getTitle_page" time="0.084"/>
  <system-out/>
  <testcase classname="com.spotyshoe.Tests.LoginPageTest" name="Test_validate_registration_Text" time="0.062"/>
  <system-out/>
  <testcase classname="com.spotyshoe.Tests.LoginPageTest" name="test_click_cart" time="0.120"/>
  <system-out/>
</testsuite> <!-- com.spotyshoe.Tests.LoginPageTest -->
