<?xml version="1.0" encoding="UTF-8"?>
<!-- Generated by org.testng.reporters.JUnitReportReporter -->
<testsuite hostname="Navichinna" failures="0" tests="1" name="com.spotyshoe.Tests.AddtoCartPageTest" time="0.938" errors="0" timestamp="2023-11-15T19:21:37 IST" skipped="0">
  <testcase classname="com.spotyshoe.Tests.AddtoCartPageTest" name="test_login" time="0.938"/>
  <system-out/>
</testsuite> <!-- com.spotyshoe.Tests.AddtoCartPageTest -->
