<?xml version="1.0" encoding="UTF-8"?>
<!-- Generated by org.testng.reporters.JUnitReportReporter -->
<testsuite hostname="Navichinna" failures="0" tests="2" name="capstone.Sporty.shoes.RestAssureScripts.GetAllAShoes" time="1.590" errors="0" timestamp="2023-11-15T18:54:33 IST" skipped="0">
  <testcase classname="capstone.Sporty.shoes.RestAssureScripts.GetAllAShoes" name="get_all_users" time="0.025"/>
  <system-out/>
  <testcase classname="capstone.Sporty.shoes.RestAssureScripts.GetAllAShoes" name="get_all_shoes" time="1.565"/>
  <system-out/>
</testsuite> <!-- capstone.Sporty.shoes.RestAssureScripts.GetAllAShoes -->
