<?xml version="1.0" encoding="UTF-8"?>
<!-- Generated by org.testng.reporters.JUnitReportReporter -->
<testsuite hostname="Navichinna" failures="0" tests="1" name="com.sportyshoe.Selenium.CucumberScripts.SetUpCheck" time="80.559" errors="0" timestamp="2023-11-14T10:58:39 IST" skipped="0">
  <testcase classname="com.sportyshoe.Selenium.CucumberScripts.SetUpCheck" name="test_setup_selenium" time="80.559"/>
  <system-out/>
</testsuite> <!-- com.sportyshoe.Selenium.CucumberScripts.SetUpCheck -->
