<?xml version="1.0" encoding="UTF-8"?>
<!-- Generated by org.testng.reporters.JUnitReportReporter -->
<testsuite hostname="Navichinna" failures="0" tests="3" name="com.spotyshoe.Tests.OrderpageTest" time="0.563" errors="0" timestamp="2023-11-15T19:15:36 IST" skipped="0">
  <testcase classname="com.spotyshoe.Tests.OrderpageTest" name="test_login" time="0.426"/>
  <system-out/>
  <testcase classname="com.spotyshoe.Tests.OrderpageTest" name="test_click_orders" time="0.124"/>
  <system-out/>
  <testcase classname="com.spotyshoe.Tests.OrderpageTest" name="test_getTitle_page" time="0.013"/>
  <system-out/>
</testsuite> <!-- com.spotyshoe.Tests.OrderpageTest -->
