<?xml version="1.0" encoding="UTF-8"?>
<!-- Generated by org.testng.reporters.JUnitReportReporter -->
<testsuite hostname="Navichinna" failures="0" tests="2" name="capstone.Sporty.shoes.RestAssureScripts.Post_Put_Methods" time="1.538" errors="0" timestamp="2023-11-15T18:56:52 IST" skipped="0">
  <testcase classname="capstone.Sporty.shoes.RestAssureScripts.Post_Put_Methods" name="add_new_product" time="1.506"/>
  <system-out/>
  <testcase classname="capstone.Sporty.shoes.RestAssureScripts.Post_Put_Methods" name="update_a_product" time="0.032"/>
  <system-out/>
</testsuite> <!-- capstone.Sporty.shoes.RestAssureScripts.Post_Put_Methods -->
