<?xml version="1.0" encoding="UTF-8"?>
<!-- Generated by org.testng.reporters.JUnitReportReporter -->
<testsuite hostname="Navichinna" failures="0" tests="1" name="capstone.Sporty.shoes.RestAssureScripts.Delete_method" time="1.308" errors="0" timestamp="2023-11-15T19:03:07 IST" skipped="0">
  <testcase classname="capstone.Sporty.shoes.RestAssureScripts.Delete_method" name="delete_product" time="1.308"/>
  <system-out/>
</testsuite> <!-- capstone.Sporty.shoes.RestAssureScripts.Delete_method -->
