<?xml version="1.0" encoding="UTF-8"?>
<!-- Generated by org.testng.reporters.JUnitReportReporter -->
<testsuite hostname="Navichinna" failures="0" tests="1" name="com.testpage.HomePageTest" time="12.975" errors="0" timestamp="2023-10-12T16:06:38 IST" skipped="0">
  <testcase classname="com.testpage.HomePageTest" name="Home_Page_Test" time="12.975"/>
  <system-out/>
</testsuite> <!-- com.testpage.HomePageTest -->
